<?xml version="1.0" encoding="UTF-8"?>
<testng-results skipped="0" failed="0" total="2" passed="2">
  <reporter-output>
  </reporter-output>
  <suite name="Default suite" duration-ms="43214" started-at="2019-11-10T22:49:43Z" finished-at="2019-11-10T22:50:26Z">
    <groups>
    </groups>
    <test name="Default test" duration-ms="43214" started-at="2019-11-10T22:49:43Z" finished-at="2019-11-10T22:50:26Z">
      <class name="com.spicejet.testcases.SearchPageTest">
        <test-method status="PASS" signature="lunchPageTest(java.lang.String, java.lang.String, java.lang.String, java.lang.String, java.lang.String, java.lang.String, java.lang.String, java.lang.String, java.lang.String)[pri:0, instance:com.spicejet.testcases.SearchPageTest@3abbfa04]" name="lunchPageTest" duration-ms="21806" started-at="2019-11-10T23:49:43Z" data-provider="getTestData" finished-at="2019-11-10T23:50:05Z">
          <params>
            <param index="0">
              <value>
                <![CDATA[BOM]]>
              </value>
            </param>
            <param index="1">
              <value>
                <![CDATA[HYD]]>
              </value>
            </param>
            <param index="2">
              <value>
                <![CDATA[5]]>
              </value>
            </param>
            <param index="3">
              <value>
                <![CDATA[June]]>
              </value>
            </param>
            <param index="4">
              <value>
                <![CDATA[10]]>
              </value>
            </param>
            <param index="5">
              <value>
                <![CDATA[August]]>
              </value>
            </param>
            <param index="6">
              <value>
                <![CDATA[2]]>
              </value>
            </param>
            <param index="7">
              <value>
                <![CDATA[1]]>
              </value>
            </param>
            <param index="8">
              <value>
                <![CDATA[1]]>
              </value>
            </param>
          </params>
          <reporter-output>
          </reporter-output>
        </test-method> <!-- lunchPageTest -->
        <test-method status="PASS" signature="lunchPageTest(java.lang.String, java.lang.String, java.lang.String, java.lang.String, java.lang.String, java.lang.String, java.lang.String, java.lang.String, java.lang.String)[pri:0, instance:com.spicejet.testcases.SearchPageTest@3abbfa04]" name="lunchPageTest" duration-ms="19737" started-at="2019-11-10T23:50:05Z" data-provider="getTestData" finished-at="2019-11-10T23:50:25Z">
          <params>
            <param index="0">
              <value>
                <![CDATA[MAA]]>
              </value>
            </param>
            <param index="1">
              <value>
                <![CDATA[BLR]]>
              </value>
            </param>
            <param index="2">
              <value>
                <![CDATA[10]]>
              </value>
            </param>
            <param index="3">
              <value>
                <![CDATA[February]]>
              </value>
            </param>
            <param index="4">
              <value>
                <![CDATA[3]]>
              </value>
            </param>
            <param index="5">
              <value>
                <![CDATA[March]]>
              </value>
            </param>
            <param index="6">
              <value>
                <![CDATA[2]]>
              </value>
            </param>
            <param index="7">
              <value>
                <![CDATA[0]]>
              </value>
            </param>
            <param index="8">
              <value>
                <![CDATA[0]]>
              </value>
            </param>
          </params>
          <reporter-output>
          </reporter-output>
        </test-method> <!-- lunchPageTest -->
        <test-method status="PASS" signature="flushReport()[pri:0, instance:com.spicejet.testcases.SearchPageTest@3abbfa04]" name="flushReport" is-config="true" duration-ms="942" started-at="2019-11-10T23:50:25Z" finished-at="2019-11-10T23:50:26Z">
          <reporter-output>
          </reporter-output>
        </test-method> <!-- flushReport -->
      </class> <!-- com.spicejet.testcases.SearchPageTest -->
    </test> <!-- Default test -->
  </suite> <!-- Default suite -->
</testng-results>
